<?xml version="1.0" encoding="UTF-8"?>
<!-- Generated by org.testng.reporters.JUnitReportReporter -->
<testsuite hostname="TN-5036030" failures="0" tests="14" name="com.bmg360.apiautomation.apitest.ApiTests" time="7.361" errors="0" timestamp="2024-10-22T09:26:09 EDT" skipped="0">
  <testcase classname="com.bmg360.apiautomation.apitest.ApiTests" name="test_GET_concurrentcalls" time="0.322"/>
  <testcase classname="com.bmg360.apiautomation.apitest.ApiTests" name="test_pretransfer_post_url" time="0.304"/>
  <testcase classname="com.bmg360.apiautomation.apitest.ApiTests" name="test_GET_client" time="0.402"/>
  <testcase classname="com.bmg360.apiautomation.apitest.ApiTests" name="test_GET_calldetails_perday" time="2.167"/>
  <testcase classname="com.bmg360.apiautomation.apitest.ApiTests" name="test_GET_userid_teamid" time="0.297"/>
  <testcase classname="com.bmg360.apiautomation.apitest.ApiTests" name="test_postrecord_post_url" time="0.320"/>
  <testcase classname="com.bmg360.apiautomation.apitest.ApiTests" name="test_client_post_url" time="1.125"/>
  <testcase classname="com.bmg360.apiautomation.apitest.ApiTests" name="test_GET_user" time="0.284"/>
  <testcase classname="com.bmg360.apiautomation.apitest.ApiTests" name="test_GET_record" time="0.303"/>
  <testcase classname="com.bmg360.apiautomation.apitest.ApiTests" name="test_posttransfer_post_url" time="0.297"/>
  <testcase classname="com.bmg360.apiautomation.apitest.ApiTests" name="test_GET_transactions" time="0.301"/>
  <testcase classname="com.bmg360.apiautomation.apitest.ApiTests" name="test_GET_clientdetails" time="0.370"/>
  <testcase classname="com.bmg360.apiautomation.apitest.ApiTests" name="test_GET_concurrentcallers" time="0.391"/>
  <testcase classname="com.bmg360.apiautomation.apitest.ApiTests" name="test_callrealtime_post_url" time="0.478"/>
</testsuite> <!-- com.bmg360.apiautomation.apitest.ApiTests -->
